<?xml version="1.0" encoding="UTF-8"?>
<!-- Generated by org.testng.reporters.JUnitReportReporter -->
<testsuite hostname="DESKTOP-1NGUV16" failures="0" tests="1" name="tests.ValidLoginTest" time="5.294" errors="0" timestamp="2025-06-14T09:45:01 IST" skipped="0">
  <testcase classname="tests.ValidLoginTest" name="testValidLogin" time="5.294"/>
  <system-out/>
</testsuite> <!-- tests.ValidLoginTest -->
