<?xml version="1.0" encoding="UTF-8"?>
<!-- Generated by org.testng.reporters.JUnitReportReporter -->
<testsuite hostname="DESKTOP-1NGUV16" failures="0" tests="1" name="tests.LogoutFlowTest" time="7.952" errors="0" timestamp="2025-06-14T10:11:30 IST" skipped="0">
  <testcase classname="tests.LogoutFlowTest" name="testLogout" time="7.952"/>
  <system-out/>
</testsuite> <!-- tests.LogoutFlowTest -->
