<?xml version="1.0" encoding="UTF-8"?>
<!-- Generated by org.testng.reporters.JUnitReportReporter -->
<testsuite hostname="DESKTOP-1NGUV16" failures="0" tests="1" name="ElementTests.Postcommentcheck" time="6.316" errors="0" timestamp="2025-06-14T10:25:46 IST" skipped="0">
  <testcase classname="ElementTests.Postcommentcheck" name="comment" time="6.316"/>
  <system-out/>
</testsuite> <!-- ElementTests.Postcommentcheck -->
