<?xml version="1.0" encoding="UTF-8"?>
<!-- Generated by org.testng.reporters.JUnitReportReporter -->
<testsuite hostname="DESKTOP-1NGUV16" failures="0" tests="1" name="tests.ImagePostTest" time="13.715" errors="0" timestamp="2025-06-14T10:13:52 IST" skipped="0">
  <testcase classname="tests.ImagePostTest" name="testImagePost" time="13.715"/>
  <system-out/>
</testsuite> <!-- tests.ImagePostTest -->
