<?xml version="1.0" encoding="UTF-8"?>
<!-- Generated by org.testng.reporters.JUnitReportReporter -->
<testsuite hostname="DESKTOP-1NGUV16" failures="0" tests="1" name="ElementTests.logouttest" time="7.850" errors="0" timestamp="2025-06-14T00:10:12 IST" skipped="0">
  <testcase classname="ElementTests.logouttest" name="logout" time="7.850"/>
  <system-out/>
</testsuite> <!-- ElementTests.logouttest -->
